<?xml version="1.0" encoding="UTF-8"?>
<!-- Generated by org.testng.reporters.JUnitReportReporter -->
<testsuite skipped="0" hostname="Rahman-PC" name="com.Mizan.Login.TC_003" tests="1" failures="0" timestamp="25 Jan 2020 20:28:24 GMT" time="17.108" errors="0">
  <testcase name="testcase1" time="17.108" classname="com.Mizan.Login.TC_003"/>
</testsuite> <!-- com.Mizan.Login.TC_003 -->
